running egg_info
creating ../../build/ur3_description/ur3_description.egg-info
writing ../../build/ur3_description/ur3_description.egg-info/PKG-INFO
writing dependency_links to ../../build/ur3_description/ur3_description.egg-info/dependency_links.txt
writing entry points to ../../build/ur3_description/ur3_description.egg-info/entry_points.txt
writing requirements to ../../build/ur3_description/ur3_description.egg-info/requires.txt
writing top-level names to ../../build/ur3_description/ur3_description.egg-info/top_level.txt
writing manifest file '../../build/ur3_description/ur3_description.egg-info/SOURCES.txt'
reading manifest file '../../build/ur3_description/ur3_description.egg-info/SOURCES.txt'
writing manifest file '../../build/ur3_description/ur3_description.egg-info/SOURCES.txt'
running build
running build_py
creating /home/ubuntu/桌面/arm/ros2_ws2/build/ur3_description/build
creating /home/ubuntu/桌面/arm/ros2_ws2/build/ur3_description/build/lib
creating /home/ubuntu/桌面/arm/ros2_ws2/build/ur3_description/build/lib/ur3_description
copying ur3_description/__init__.py -> /home/ubuntu/桌面/arm/ros2_ws2/build/ur3_description/build/lib/ur3_description
running install
running install_lib
creating /home/ubuntu/桌面/arm/ros2_ws2/install/ur3_description/lib/python3.10/site-packages/ur3_description
copying /home/ubuntu/桌面/arm/ros2_ws2/build/ur3_description/build/lib/ur3_description/__init__.py -> /home/ubuntu/桌面/arm/ros2_ws2/install/ur3_description/lib/python3.10/site-packages/ur3_description
byte-compiling /home/ubuntu/桌面/arm/ros2_ws2/install/ur3_description/lib/python3.10/site-packages/ur3_description/__init__.py to __init__.cpython-310.pyc
running install_data
creating /home/ubuntu/桌面/arm/ros2_ws2/install/ur3_description/share/ament_index
creating /home/ubuntu/桌面/arm/ros2_ws2/install/ur3_description/share/ament_index/resource_index
creating /home/ubuntu/桌面/arm/ros2_ws2/install/ur3_description/share/ament_index/resource_index/packages
copying resource/ur3_description -> /home/ubuntu/桌面/arm/ros2_ws2/install/ur3_description/share/ament_index/resource_index/packages
copying package.xml -> /home/ubuntu/桌面/arm/ros2_ws2/install/ur3_description/share/ur3_description
running install_egg_info
Copying ../../build/ur3_description/ur3_description.egg-info to /home/ubuntu/桌面/arm/ros2_ws2/install/ur3_description/lib/python3.10/site-packages/ur3_description-0.0.0-py3.10.egg-info
running install_scripts
writing list of installed files to '/home/ubuntu/桌面/arm/ros2_ws2/build/ur3_description/install.log'
