running egg_info
writing ../../build/ur3_description/ur3_description.egg-info/PKG-INFO
writing dependency_links to ../../build/ur3_description/ur3_description.egg-info/dependency_links.txt
writing entry points to ../../build/ur3_description/ur3_description.egg-info/entry_points.txt
writing requirements to ../../build/ur3_description/ur3_description.egg-info/requires.txt
writing top-level names to ../../build/ur3_description/ur3_description.egg-info/top_level.txt
reading manifest file '../../build/ur3_description/ur3_description.egg-info/SOURCES.txt'
writing manifest file '../../build/ur3_description/ur3_description.egg-info/SOURCES.txt'
running build
running build_py
running install
running install_lib
running install_data
creating /home/ubuntu/桌面/arm/ros2_ws2/install/ur3_description/share/ur3_description/launch
copying launch/display.launch.py -> /home/ubuntu/桌面/arm/ros2_ws2/install/ur3_description/share/ur3_description/launch
running install_egg_info
removing '/home/ubuntu/桌面/arm/ros2_ws2/install/ur3_description/lib/python3.10/site-packages/ur3_description-0.0.0-py3.10.egg-info' (and everything under it)
Copying ../../build/ur3_description/ur3_description.egg-info to /home/ubuntu/桌面/arm/ros2_ws2/install/ur3_description/lib/python3.10/site-packages/ur3_description-0.0.0-py3.10.egg-info
running install_scripts
writing list of installed files to '/home/ubuntu/桌面/arm/ros2_ws2/build/ur3_description/install.log'
