/home/ubuntu/桌面/arm/ros2_ws2/install/ur3_description/lib/python3.10/site-packages/ur3_description/__init__.py
/home/ubuntu/桌面/arm/ros2_ws2/install/ur3_description/lib/python3.10/site-packages/ur3_description/__pycache__/__init__.cpython-310.pyc
/home/ubuntu/桌面/arm/ros2_ws2/install/ur3_description/share/ament_index/resource_index/packages/ur3_description
/home/ubuntu/桌面/arm/ros2_ws2/install/ur3_description/share/ur3_description/package.xml
/home/ubuntu/桌面/arm/ros2_ws2/install/ur3_description/share/ur3_description/launch/display.launch.py
/home/ubuntu/桌面/arm/ros2_ws2/install/ur3_description/share/ur3_description/urdf/ur3.urdf
/home/ubuntu/桌面/arm/ros2_ws2/install/ur3_description/share/ur3_description/meshes/link6.STL
/home/ubuntu/桌面/arm/ros2_ws2/install/ur3_description/share/ur3_description/meshes/link1.STL
/home/ubuntu/桌面/arm/ros2_ws2/install/ur3_description/share/ur3_description/meshes/link2.STL
/home/ubuntu/桌面/arm/ros2_ws2/install/ur3_description/share/ur3_description/meshes/link4.STL
/home/ubuntu/桌面/arm/ros2_ws2/install/ur3_description/share/ur3_description/meshes/base_link.STL
/home/ubuntu/桌面/arm/ros2_ws2/install/ur3_description/share/ur3_description/meshes/link3.STL
/home/ubuntu/桌面/arm/ros2_ws2/install/ur3_description/share/ur3_description/meshes/link5.STL
/home/ubuntu/桌面/arm/ros2_ws2/install/ur3_description/lib/python3.10/site-packages/ur3_description-0.0.0-py3.10.egg-info/zip-safe
/home/ubuntu/桌面/arm/ros2_ws2/install/ur3_description/lib/python3.10/site-packages/ur3_description-0.0.0-py3.10.egg-info/PKG-INFO
/home/ubuntu/桌面/arm/ros2_ws2/install/ur3_description/lib/python3.10/site-packages/ur3_description-0.0.0-py3.10.egg-info/top_level.txt
/home/ubuntu/桌面/arm/ros2_ws2/install/ur3_description/lib/python3.10/site-packages/ur3_description-0.0.0-py3.10.egg-info/requires.txt
/home/ubuntu/桌面/arm/ros2_ws2/install/ur3_description/lib/python3.10/site-packages/ur3_description-0.0.0-py3.10.egg-info/dependency_links.txt
/home/ubuntu/桌面/arm/ros2_ws2/install/ur3_description/lib/python3.10/site-packages/ur3_description-0.0.0-py3.10.egg-info/entry_points.txt
/home/ubuntu/桌面/arm/ros2_ws2/install/ur3_description/lib/python3.10/site-packages/ur3_description-0.0.0-py3.10.egg-info/SOURCES.txt
